{"name": "test_http_get", "status": "failed", "statusDetails": {"message": "AssertionError: assert 503 == 200\n +  where 503 = <Response [503]>.status_code", "trace": "tests/test_api.py:82: in test_http_get\n    assert response.status_code == 200\nE   assert 503 == 200\nE    +  where 503 = <Response [503]>.status_code"}, "description": "Проверка GET запроса", "steps": [{"name": "Выполнение GET запроса", "status": "failed", "statusDetails": {"message": "AssertionError: assert 503 == 200\n +  where 503 = <Response [503]>.status_code\n", "trace": "  File \"/home/runner/work/test-project/test-project/tests/test_api.py\", line 82, in test_http_get\n    assert response.status_code == 200\n"}, "start": 1762880538233, "stop": 1762880538547}], "start": 1762880538232, "stop": 1762880538547, "uuid": "48a71d6a-1af5-47e5-b806-a8cf4667cd9c", "historyId": "b76d4b9dd29d0c4ec9515f55b3b81ffc", "testCaseId": "b76d4b9dd29d0c4ec9515f55b3b81ffc", "fullName": "tests.test_api.TestSimpleAPI#test_http_get", "labels": [{"name": "story", "value": "Проверка HTTP методов"}, {"name": "epic", "value": "API Testing"}, {"name": "severity", "value": "normal"}, {"name": "feature", "value": "Simple API Tests"}, {"name": "parentSuite", "value": "tests"}, {"name": "suite", "value": "test_api"}, {"name": "subSuite", "value": "TestSimpleAPI"}, {"name": "host", "value": "runnervmw9dnm"}, {"name": "thread", "value": "2077-MainThread"}, {"name": "framework", "value": "pytest"}, {"name": "language", "value": "cpython3"}, {"name": "package", "value": "tests.test_api"}]}