{"name": "test_http_post", "status": "failed", "statusDetails": {"message": "AssertionError: assert 503 == 200\n +  where 503 = <Response [503]>.status_code", "trace": "tests/test_api.py:91: in test_http_post\n    assert response.status_code == 200\nE   assert 503 == 200\nE    +  where 503 = <Response [503]>.status_code"}, "description": "Проверка POST запроса", "steps": [{"name": "Выполнение POST запроса", "status": "failed", "statusDetails": {"message": "AssertionError: assert 503 == 200\n +  where 503 = <Response [503]>.status_code\n", "trace": "  File \"/home/runner/work/test-project/test-project/tests/test_api.py\", line 91, in test_http_post\n    assert response.status_code == 200\n"}, "start": 1762876559312, "stop": 1762876559480}], "start": 1762876559312, "stop": 1762876559481, "uuid": "513f27c0-6f55-48b8-a597-a72a1dbd9303", "historyId": "66db0581995755affdf66bddcb005ea1", "testCaseId": "66db0581995755affdf66bddcb005ea1", "fullName": "tests.test_api.TestSimpleAPI#test_http_post", "labels": [{"name": "story", "value": "Проверка HTTP методов"}, {"name": "severity", "value": "normal"}, {"name": "feature", "value": "Simple API Tests"}, {"name": "epic", "value": "API Testing"}, {"name": "parentSuite", "value": "tests"}, {"name": "suite", "value": "test_api"}, {"name": "subSuite", "value": "TestSimpleAPI"}, {"name": "host", "value": "runnervmw9dnm"}, {"name": "thread", "value": "2083-MainThread"}, {"name": "framework", "value": "pytest"}, {"name": "language", "value": "cpython3"}, {"name": "package", "value": "tests.test_api"}]}